<?xml version="1.0" encoding="UTF-8"?>
<testsuite name="com.csc.TestPayroll" tests="10" skipped="0" failures="0" errors="0" timestamp="2024-09-22T22:02:48" hostname="DESKTOP-BCECQGS" time="0.023">
  <properties/>
  <testcase name="testNetPayCalculator()" classname="com.csc.TestPayroll" time="0.011"/>
  <testcase name="testGrossPayCalculatorCustomRegularHours()" classname="com.csc.TestPayroll" time="0.001"/>
  <testcase name="testGrossPayCalculatorRegularHours()" classname="com.csc.TestPayroll" time="0.0"/>
  <testcase name="testDeductionsCalculatorNoHoursWithOutKids()" classname="com.csc.TestPayroll" time="0.001"/>
  <testcase name="testNetPayCalculatorNoDeductions()" classname="com.csc.TestPayroll" time="0.0"/>
  <testcase name="testGrossPayCalculatorOvertimeHours()" classname="com.csc.TestPayroll" time="0.0"/>
  <testcase name="testGrossPayCalculatorNoHoursCustomPay()" classname="com.csc.TestPayroll" time="0.001"/>
  <testcase name="testGrossPayCalculatorNoHours()" classname="com.csc.TestPayroll" time="0.001"/>
  <testcase name="testDeductionsCalculatorRegularHoursWithKids()" classname="com.csc.TestPayroll" time="0.001"/>
  <testcase name="testGrossPayCalculatorCustomOvertimeHours()" classname="com.csc.TestPayroll" time="0.001"/>
  <system-out><![CDATA[]]></system-out>
  <system-err><![CDATA[]]></system-err>
</testsuite>
