<?xml version="1.0" encoding="UTF-8"?>
<testsuite name="com.csc.TestPayroll" tests="1" skipped="0" failures="0" errors="0" timestamp="2024-09-06T23:24:46" hostname="DESKTOP-BCECQGS" time="0.013">
  <properties/>
  <testcase name="testDeductionsCalculatorNoHoursWithOutKids()" classname="com.csc.TestPayroll" time="0.013"/>
  <system-out><![CDATA[]]></system-out>
  <system-err><![CDATA[]]></system-err>
</testsuite>
